<?xml version='1.0' encoding='UTF-8'?>
<testsuite hostname="Kostass-MBP" name="todo.IdGeneratorSuite" tests="2" errors="0" failures="0" skipped="0" time="0.02" timestamp="2022-03-13T16:23:29">
          <properties>
[...]
</properties>
          <testcase classname="todo.IdGeneratorSuite" name="generated Ids are monotonically increasing" time="0.019">
                      
                    </testcase><testcase classname="todo.IdGeneratorSuite" name="generated Ids start with given Id" time="0.001">
                      
                    </testcase>
          <system-out><![CDATA[]]></system-out>
          <system-err><![CDATA[]]></system-err>
        </testsuite>